        -:    0:Source:../dominion.c
        -:    0:Graph:unittest4.gcno
        -:    0:Data:unittest4.gcda
        -:    0:Runs:1
        -:    0:Programs:1
        -:    1:#include "dominion.h"
        -:    2:#include "dominion_helpers.h"
        -:    3:#include "rngs.h"
        -:    4:#include <stdio.h>
        -:    5:#include <math.h>
        -:    6:#include <stdlib.h>
        -:    7:
        -:    8:
       60:    9:int compare(const void* a, const void* b) {
       60:   10:  if (*(int*)a > *(int*)b)
    #####:   11:    return 1;
       60:   12:  if (*(int*)a < *(int*)b)
       16:   13:    return -1;
       44:   14:  return 0;
        -:   15:}
        -:   16:
    #####:   17:struct gameState* newGame() {
    #####:   18:  struct gameState* g = malloc(sizeof(struct gameState));
    #####:   19:  return g;
        -:   20:}
        -:   21:
    #####:   22:int* kingdomCards(int k1, int k2, int k3, int k4, int k5, int k6, int k7,
        -:   23:		  int k8, int k9, int k10) {
    #####:   24:  int* k = malloc(10 * sizeof(int));
    #####:   25:  k[0] = k1;
    #####:   26:  k[1] = k2;
    #####:   27:  k[2] = k3;
    #####:   28:  k[3] = k4;
    #####:   29:  k[4] = k5;
    #####:   30:  k[5] = k6;
    #####:   31:  k[6] = k7;
    #####:   32:  k[7] = k8;
    #####:   33:  k[8] = k9;
    #####:   34:  k[9] = k10;
    #####:   35:  return k;
        -:   36:}
        -:   37:
        1:   38:int initializeGame(int numPlayers, int kingdomCards[10], int randomSeed,
        -:   39:		   struct gameState *state) {
        -:   40:
        -:   41:  int i;
        -:   42:  int j;
        -:   43:  int it;			
        -:   44:  //set up random number generator
        1:   45:  SelectStream(1);
        -:   46:    ((long)randomSeed);
        -:   47:  
        -:   48:  //check number of players
        1:   49:  if (numPlayers > MAX_PLAYERS || numPlayers < 2)
        -:   50:    {
    #####:   51:      return -1;
        -:   52:    }
        -:   53:
        -:   54:  //set number of players
        1:   55:  state->numPlayers = numPlayers;
        -:   56:
        -:   57:  //check selected kingdom cards are different
       11:   58:  for (i = 0; i < 10; i++)
        -:   59:    {
      110:   60:      for (j = 0; j < 10; j++)
        -:   61:        {
      100:   62:	  if (j != i && kingdomCards[j] == kingdomCards[i])
        -:   63:	    {
    #####:   64:	      return -1;
        -:   65:	    }
        -:   66:        }
        -:   67:    }
        -:   68:
        -:   69:
        -:   70:  //initialize supply
        -:   71:  ///////////////////////////////
        -:   72:
        -:   73:  //set number of Curse cards
        1:   74:  if (numPlayers == 2)
        -:   75:    {
    #####:   76:      state->supplyCount[curse] = 10;
        -:   77:    }
        1:   78:  else if (numPlayers == 3)
        -:   79:    {
    #####:   80:      state->supplyCount[curse] = 20;
        -:   81:    }
        -:   82:  else
        -:   83:    {
        1:   84:      state->supplyCount[curse] = 30;
        -:   85:    }
        -:   86:
        -:   87:  //set number of Victory cards
        1:   88:  if (numPlayers == 2)
        -:   89:    {
    #####:   90:      state->supplyCount[estate] = 8;
    #####:   91:      state->supplyCount[duchy] = 8;
    #####:   92:      state->supplyCount[province] = 8;
        -:   93:    }
        -:   94:  else
        -:   95:    {
        1:   96:      state->supplyCount[estate] = 12;
        1:   97:      state->supplyCount[duchy] = 12;
        1:   98:      state->supplyCount[province] = 12;
        -:   99:    }
        -:  100:
        -:  101:  //set number of Treasure cards
        1:  102:  state->supplyCount[copper] = 60 - (7 * numPlayers);
        1:  103:  state->supplyCount[silver] = 40;
        1:  104:  state->supplyCount[gold] = 30;
        -:  105:
        -:  106:  //set number of Kingdom cards
       21:  107:  for (i = adventurer; i <= treasure_map; i++)       	//loop all cards
        -:  108:    {
      184:  109:      for (j = 0; j < 10; j++)           		//loop chosen cards
        -:  110:	{
      172:  111:	  if (kingdomCards[j] == i)
        -:  112:	    {
        -:  113:	      //check if card is a 'Victory' Kingdom card
        8:  114:	      if (kingdomCards[j] == great_hall || kingdomCards[j] == gardens)
        -:  115:		{
        2:  116:		  if (numPlayers == 2){ 
    #####:  117:		    state->supplyCount[i] = 8; 
        -:  118:		  }
        1:  119:		  else{ state->supplyCount[i] = 12; }
        -:  120:		}
        -:  121:	      else
        -:  122:		{
        7:  123:		  state->supplyCount[i] = 10;
        -:  124:		}
        8:  125:	      break;
        -:  126:	    }
        -:  127:	  else    //card is not in the set choosen for the game
        -:  128:	    {
      164:  129:	      state->supplyCount[i] = -1;
        -:  130:	    }
        -:  131:	}
        -:  132:
        -:  133:    }
        -:  134:
        -:  135:  ////////////////////////
        -:  136:  //supply intilization complete
        -:  137:
        -:  138:  //set player decks
        5:  139:  for (i = 0; i < numPlayers; i++)
        -:  140:    {
        4:  141:      state->deckCount[i] = 0;
       16:  142:      for (j = 0; j < 3; j++)
        -:  143:	{
       12:  144:	  state->deck[i][j] = estate;
       12:  145:	  state->deckCount[i]++;
        -:  146:	}
       32:  147:      for (j = 3; j < 10; j++)
        -:  148:	{
       28:  149:	  state->deck[i][j] = copper;
       28:  150:	  state->deckCount[i]++;		
        -:  151:	}
        -:  152:    }
        -:  153:
        -:  154:  //shuffle player decks
        5:  155:  for (i = 0; i < numPlayers; i++)
        -:  156:    {
        4:  157:      if ( shuffle(i, state) < 0 )
        -:  158:	{
    #####:  159:	  return -1;
        -:  160:	}
        -:  161:    }
        -:  162:
        -:  163:  //draw player hands
        5:  164:  for (i = 0; i < numPlayers; i++)
        -:  165:    {  
        -:  166:      //initialize hand size to zero
        4:  167:      state->handCount[i] = 0;
        4:  168:      state->discardCount[i] = 0;
        -:  169:      //draw 5 cards
        -:  170:      // for (j = 0; j < 5; j++)
        -:  171:      //	{
        -:  172:      //	  drawCard(i, state);
        -:  173:      //	}
        -:  174:    }
        -:  175:  
        -:  176:  //set embargo tokens to 0 for all supply piles
       28:  177:  for (i = 0; i <= treasure_map; i++)
        -:  178:    {
       27:  179:      state->embargoTokens[i] = 0;
        -:  180:    }
        -:  181:
        -:  182:  //initialize first player's turn
        1:  183:  state->outpostPlayed = 0;
        1:  184:  state->phase = 0;
        1:  185:  state->numActions = 1;
        1:  186:  state->numBuys = 1;
        1:  187:  state->playedCardCount = 0;
        1:  188:  state->whoseTurn = 0;
        1:  189:  state->handCount[state->whoseTurn] = 0;
        -:  190:  //int it; move to top
        -:  191:
        -:  192:  //Moved draw cards to here, only drawing at the start of a turn
        6:  193:  for (it = 0; it < 5; it++){
        5:  194:    drawCard(state->whoseTurn, state);
        -:  195:  }
        -:  196:
        1:  197:  updateCoins(state->whoseTurn, state, 0);
        -:  198:
        1:  199:  return 0;
        -:  200:}
        -:  201:
        4:  202:int shuffle(int player, struct gameState *state) {
        -:  203: 
        -:  204:
        -:  205:  int newDeck[MAX_DECK];
        4:  206:  int newDeckPos = 0;
        -:  207:  int card;
        -:  208:  int i;
        -:  209:
        4:  210:  if (state->deckCount[player] < 1)
    #####:  211:    return -1;
        4:  212:  qsort ((void*)(state->deck[player]), state->deckCount[player], sizeof(int), compare); 
        -:  213:  /* SORT CARDS IN DECK TO ENSURE DETERMINISM! */
        -:  214:
       48:  215:  while (state->deckCount[player] > 0) {
       40:  216:    card = floor(Random() * state->deckCount[player]);
       40:  217:    newDeck[newDeckPos] = state->deck[player][card];
       40:  218:    newDeckPos++;
      136:  219:    for (i = card; i < state->deckCount[player]-1; i++) {
       96:  220:      state->deck[player][i] = state->deck[player][i+1];
        -:  221:    }
       40:  222:    state->deckCount[player]--;
        -:  223:  }
       44:  224:  for (i = 0; i < newDeckPos; i++) {
       40:  225:    state->deck[player][i] = newDeck[i];
       40:  226:    state->deckCount[player]++;
        -:  227:  }
        -:  228:
        4:  229:  return 0;
        -:  230:}
        -:  231:
    #####:  232:int playCard(int handPos, int choice1, int choice2, int choice3, struct gameState *state) 
        -:  233:{	
        -:  234:  int card;
    #####:  235:  int coin_bonus = 0; 		//tracks coins gain from actions
        -:  236:
        -:  237:  //check if it is the right phase
    #####:  238:  if (state->phase != 0)
        -:  239:    {
    #####:  240:      return -1;
        -:  241:    }
        -:  242:	
        -:  243:  //check if player has enough actions
    #####:  244:  if ( state->numActions < 1 )
        -:  245:    {
    #####:  246:      return -1;
        -:  247:    }
        -:  248:	
        -:  249:  //get card played
    #####:  250:  card = handCard(handPos, state);
        -:  251:	
        -:  252:  //check if selected card is an action
    #####:  253:  if ( card < adventurer || card > treasure_map )
        -:  254:    {
    #####:  255:      return -1;
        -:  256:    }
        -:  257:	
        -:  258:  //play card
    #####:  259:  if ( cardEffect(card, choice1, choice2, choice3, state, handPos, &coin_bonus) < 0 )
        -:  260:    {
    #####:  261:      return -1;
        -:  262:    }
        -:  263:	
        -:  264:  //reduce number of actions
    #####:  265:  state->numActions--;
        -:  266:
        -:  267:  //update coins (Treasure cards may be added with card draws)
    #####:  268:  updateCoins(state->whoseTurn, state, coin_bonus);
        -:  269:	
    #####:  270:  return 0;
        -:  271:}
        -:  272:
    #####:  273:int buyCard(int supplyPos, struct gameState *state) {
        -:  274:  int who;
        -:  275:  if (DEBUG){
        -:  276:    printf("Entering buyCard...\n");
        -:  277:  }
        -:  278:
        -:  279:  // I don't know what to do about the phase thing.
        -:  280:
    #####:  281:  who = state->whoseTurn;
        -:  282:
    #####:  283:  if (state->numBuys < 1){
        -:  284:    if (DEBUG)
        -:  285:      printf("You do not have any buys left\n");
    #####:  286:    return -1;
    #####:  287:  } else if (supplyCount(supplyPos, state) <1){
        -:  288:    if (DEBUG)
        -:  289:      printf("There are not any of that type of card left\n");
    #####:  290:    return -1;
    #####:  291:  } else if (state->coins < getCost(supplyPos)){
        -:  292:    if (DEBUG) 
        -:  293:      printf("You do not have enough money to buy that. You have %d coins.\n", state->coins);
    #####:  294:    return -1;
        -:  295:  } else {
    #####:  296:    state->phase=1;
        -:  297:    //state->supplyCount[supplyPos]--;
    #####:  298:    gainCard(supplyPos, state, 0, who); //card goes in discard, this might be wrong.. (2 means goes into hand, 0 goes into discard)
        -:  299:  
    #####:  300:    state->coins = (state->coins) - (getCost(supplyPos));
    #####:  301:    state->numBuys--;
        -:  302:    if (DEBUG)
        -:  303:      printf("You bought card number %d for %d coins. You now have %d buys and %d coins.\n", supplyPos, getCost(supplyPos), state->numBuys, state->coins);
        -:  304:  }
        -:  305:
        -:  306:  //state->discard[who][state->discardCount[who]] = supplyPos;
        -:  307:  //state->discardCount[who]++;
        -:  308:    
    #####:  309:  return 0;
        -:  310:}
        -:  311:
        2:  312:int numHandCards(struct gameState *state) {
        2:  313:  return state->handCount[ whoseTurn(state) ];
        -:  314:}
        -:  315:
    #####:  316:int handCard(int handPos, struct gameState *state) {
    #####:  317:  int currentPlayer = whoseTurn(state);
    #####:  318:  return state->hand[currentPlayer][handPos];
        -:  319:}
        -:  320:
    #####:  321:int supplyCount(int card, struct gameState *state) {
    #####:  322:  return state->supplyCount[card];
        -:  323:}
        -:  324:
    #####:  325:int fullDeckCount(int player, int card, struct gameState *state) {
        -:  326:  int i;
    #####:  327:  int count = 0;
        -:  328:
    #####:  329:  for (i = 0; i < state->deckCount[player]; i++)
        -:  330:    {
    #####:  331:      if (state->deck[player][i] == card) count++;
        -:  332:    }
        -:  333:
    #####:  334:  for (i = 0; i < state->handCount[player]; i++)
        -:  335:    {
    #####:  336:      if (state->hand[player][i] == card) count++;
        -:  337:    }
        -:  338:
    #####:  339:  for (i = 0; i < state->discardCount[player]; i++)
        -:  340:    {
    #####:  341:      if (state->discard[player][i] == card) count++;
        -:  342:    }
        -:  343:
    #####:  344:  return count;
        -:  345:}
        -:  346:
        2:  347:int whoseTurn(struct gameState *state) {
        2:  348:  return state->whoseTurn;
        -:  349:}
        -:  350:
    #####:  351:int endTurn(struct gameState *state) {
        -:  352:  int k;
        -:  353:  int i;
    #####:  354:  int currentPlayer = whoseTurn(state);
        -:  355:  
        -:  356:  //Discard hand
    #####:  357:  for (i = 0; i < state->handCount[currentPlayer]; i++){
    #####:  358:    state->discard[currentPlayer][state->discardCount[currentPlayer]++] = state->hand[currentPlayer][i];//Discard
    #####:  359:    state->hand[currentPlayer][i] = -1;//Set card to -1
        -:  360:  }
    #####:  361:  state->handCount[currentPlayer] = 0;//Reset hand count
        -:  362:    
        -:  363:  //Code for determining the player
    #####:  364:  if (currentPlayer < (state->numPlayers - 1)){ 
    #####:  365:    state->whoseTurn = currentPlayer + 1;//Still safe to increment
        -:  366:  }
        -:  367:  else{
    #####:  368:    state->whoseTurn = 0;//Max player has been reached, loop back around to player 1
        -:  369:  }
        -:  370:
    #####:  371:  state->outpostPlayed = 0;
    #####:  372:  state->phase = 0;
    #####:  373:  state->numActions = 1;
    #####:  374:  state->coins = 0;
    #####:  375:  state->numBuys = 1;
    #####:  376:  state->playedCardCount = 0;
    #####:  377:  state->handCount[state->whoseTurn] = 0;
        -:  378:
        -:  379:  //int k; move to top
        -:  380:  //Next player draws hand
    #####:  381:  for (k = 0; k < 5; k++){
    #####:  382:    drawCard(state->whoseTurn, state);//Draw a card
        -:  383:  }
        -:  384:
        -:  385:  //Update money
    #####:  386:  updateCoins(state->whoseTurn, state , 0);
        -:  387:
    #####:  388:  return 0;
        -:  389:}
        -:  390:
    #####:  391:int isGameOver(struct gameState *state) {
        -:  392:  int i;
        -:  393:  int j;
        -:  394:	
        -:  395:  //if stack of Province cards is empty, the game ends
    #####:  396:  if (state->supplyCount[province] == 0)
        -:  397:    {
    #####:  398:      return 1;
        -:  399:    }
        -:  400:
        -:  401:  //if three supply pile are at 0, the game ends
    #####:  402:  j = 0;
    #####:  403:  for (i = 0; i < 25; i++)
        -:  404:    {
    #####:  405:      if (state->supplyCount[i] == 0)
        -:  406:	{
    #####:  407:	  j++;
        -:  408:	}
        -:  409:    }
    #####:  410:  if ( j >= 3)
        -:  411:    {
    #####:  412:      return 1;
        -:  413:    }
        -:  414:
    #####:  415:  return 0;
        -:  416:}
        -:  417:
    #####:  418:int scoreFor (int player, struct gameState *state) {
        -:  419:
        -:  420:  int i;
    #####:  421:  int score = 0;
        -:  422:  //score from hand
    #####:  423:  for (i = 0; i < state->handCount[player]; i++)
        -:  424:    {
    #####:  425:      if (state->hand[player][i] == curse) { score = score - 1; };
    #####:  426:      if (state->hand[player][i] == estate) { score = score + 1; };
    #####:  427:      if (state->hand[player][i] == duchy) { score = score + 3; };
    #####:  428:      if (state->hand[player][i] == province) { score = score + 6; };
    #####:  429:      if (state->hand[player][i] == great_hall) { score = score + 1; };
    #####:  430:      if (state->hand[player][i] == gardens) { score = score + ( fullDeckCount(player, 0, state) / 10 ); };
        -:  431:    }
        -:  432:
        -:  433:  //score from discard
    #####:  434:  for (i = 0; i < state->discardCount[player]; i++)
        -:  435:    {
    #####:  436:      if (state->discard[player][i] == curse) { score = score - 1; };
    #####:  437:      if (state->discard[player][i] == estate) { score = score + 1; };
    #####:  438:      if (state->discard[player][i] == duchy) { score = score + 3; };
    #####:  439:      if (state->discard[player][i] == province) { score = score + 6; };
    #####:  440:      if (state->discard[player][i] == great_hall) { score = score + 1; };
    #####:  441:      if (state->discard[player][i] == gardens) { score = score + ( fullDeckCount(player, 0, state) / 10 ); };
        -:  442:    }
        -:  443:
        -:  444:  //score from deck
    #####:  445:  for (i = 0; i < state->discardCount[player]; i++)
        -:  446:    {
    #####:  447:      if (state->deck[player][i] == curse) { score = score - 1; };
    #####:  448:      if (state->deck[player][i] == estate) { score = score + 1; };
    #####:  449:      if (state->deck[player][i] == duchy) { score = score + 3; };
    #####:  450:      if (state->deck[player][i] == province) { score = score + 6; };
    #####:  451:      if (state->deck[player][i] == great_hall) { score = score + 1; };
    #####:  452:      if (state->deck[player][i] == gardens) { score = score + ( fullDeckCount(player, 0, state) / 10 ); };
        -:  453:    }
        -:  454:
    #####:  455:  return score;
        -:  456:}
        -:  457:
    #####:  458:int getWinners(int players[MAX_PLAYERS], struct gameState *state) {
        -:  459:  int i;	
        -:  460:  int j;
        -:  461:  int highScore;
        -:  462:  int currentPlayer;
        -:  463:
        -:  464:  //get score for each player
    #####:  465:  for (i = 0; i < MAX_PLAYERS; i++)
        -:  466:    {
        -:  467:      //set unused player scores to -9999
    #####:  468:      if (i >= state->numPlayers)
        -:  469:	{
    #####:  470:	  players[i] = -9999;
        -:  471:	}
        -:  472:      else
        -:  473:	{
    #####:  474:	  players[i] = scoreFor (i, state);
        -:  475:	}
        -:  476:    }
        -:  477:
        -:  478:  //find highest score
    #####:  479:  j = 0;
    #####:  480:  for (i = 0; i < MAX_PLAYERS; i++)
        -:  481:    {
    #####:  482:      if (players[i] > players[j])
        -:  483:	{
    #####:  484:	  j = i;
        -:  485:	}
        -:  486:    }
    #####:  487:  highScore = players[j];
        -:  488:
        -:  489:  //add 1 to players who had less turns
    #####:  490:  currentPlayer = whoseTurn(state);
    #####:  491:  for (i = 0; i < MAX_PLAYERS; i++)
        -:  492:    {
    #####:  493:      if ( players[i] == highScore && i > currentPlayer )
        -:  494:	{
    #####:  495:	  players[i]++;
        -:  496:	}
        -:  497:    }
        -:  498:
        -:  499:  //find new highest score
    #####:  500:  j = 0;
    #####:  501:  for (i = 0; i < MAX_PLAYERS; i++)
        -:  502:    {
    #####:  503:      if ( players[i] > players[j] )
        -:  504:	{
    #####:  505:	  j = i;
        -:  506:	}
        -:  507:    }
    #####:  508:  highScore = players[j];
        -:  509:
        -:  510:  //set winners in array to 1 and rest to 0
    #####:  511:  for (i = 0; i < MAX_PLAYERS; i++)
        -:  512:    {
    #####:  513:      if ( players[i] == highScore )
        -:  514:	{
    #####:  515:	  players[i] = 1;
        -:  516:	}
        -:  517:      else
        -:  518:	{
    #####:  519:	  players[i] = 0;
        -:  520:	}
        -:  521:    }
        -:  522:
    #####:  523:  return 0;
        -:  524:}
        -:  525:
        6:  526:int drawCard(int player, struct gameState *state)
        -:  527:{	int count;
        -:  528:  int deckCounter;
        6:  529:  if (state->deckCount[player] <= 0){//Deck is empty
        -:  530:    
        -:  531:    //Step 1 Shuffle the discard pile back into a deck
        -:  532:    int i;
        -:  533:    //Move discard to deck
    #####:  534:    for (i = 0; i < state->discardCount[player];i++){
    #####:  535:      state->deck[player][i] = state->discard[player][i];
    #####:  536:      state->discard[player][i] = -1;
        -:  537:    }
        -:  538:
    #####:  539:    state->deckCount[player] = state->discardCount[player];
    #####:  540:    state->discardCount[player] = 0;//Reset discard
        -:  541:
        -:  542:    //Shufffle the deck
    #####:  543:    shuffle(player, state);//Shuffle the deck up and make it so that we can draw
        -:  544:   
        -:  545:    if (DEBUG){//Debug statements
        -:  546:      printf("Deck count now: %d\n", state->deckCount[player]);
        -:  547:    }
        -:  548:    
    #####:  549:    state->discardCount[player] = 0;
        -:  550:
        -:  551:    //Step 2 Draw Card
    #####:  552:    count = state->handCount[player];//Get current player's hand count
        -:  553:    
        -:  554:    if (DEBUG){//Debug statements
        -:  555:      printf("Current hand count: %d\n", count);
        -:  556:    }
        -:  557:    
    #####:  558:    deckCounter = state->deckCount[player];//Create a holder for the deck count
        -:  559:
    #####:  560:    if (deckCounter == 0)
    #####:  561:      return -1;
        -:  562:
    #####:  563:    state->hand[player][count] = state->deck[player][deckCounter - 1];//Add card to hand
    #####:  564:    state->deckCount[player]--;
    #####:  565:    state->handCount[player]++;//Increment hand count
        -:  566:  }
        -:  567:
        -:  568:  else{
        6:  569:    int count = state->handCount[player];//Get current hand count for player
        -:  570:    int deckCounter;
        -:  571:    if (DEBUG){//Debug statements
        -:  572:      printf("Current hand count: %d\n", count);
        -:  573:    }
        -:  574:
        6:  575:    deckCounter = state->deckCount[player];//Create holder for the deck count
        6:  576:    state->hand[player][count] = state->deck[player][deckCounter - 1];//Add card to the hand
        6:  577:    state->deckCount[player]--;
        6:  578:    state->handCount[player]++;//Increment hand count
        -:  579:  }
        -:  580:
        6:  581:  return 0;
        -:  582:}
        -:  583:
    #####:  584:int getCost(int cardNumber)
        -:  585:{
    #####:  586:  switch( cardNumber ) 
        -:  587:    {
        -:  588:    case curse:
    #####:  589:      return 0;
        -:  590:    case estate:
    #####:  591:      return 2;
        -:  592:    case duchy:
    #####:  593:      return 5;
        -:  594:    case province:
    #####:  595:      return 8;
        -:  596:    case copper:
    #####:  597:      return 0;
        -:  598:    case silver:
    #####:  599:      return 3;
        -:  600:    case gold:
    #####:  601:      return 6;
        -:  602:    case adventurer:
    #####:  603:      return 6;
        -:  604:    case council_room:
    #####:  605:      return 5;
        -:  606:    case feast:
    #####:  607:      return 4;
        -:  608:    case gardens:
    #####:  609:      return 4;
        -:  610:    case mine:
    #####:  611:      return 5;
        -:  612:    case remodel:
    #####:  613:      return 4;
        -:  614:    case smithy:
    #####:  615:      return 4;
        -:  616:    case village:
    #####:  617:      return 3;
        -:  618:    case baron:
    #####:  619:      return 4;
        -:  620:    case great_hall:
    #####:  621:      return 3;
        -:  622:    case minion:
    #####:  623:      return 5;
        -:  624:    case steward:
    #####:  625:      return 3;
        -:  626:    case tribute:
    #####:  627:      return 5;
        -:  628:    case ambassador:
    #####:  629:      return 3;
        -:  630:    case cutpurse:
    #####:  631:      return 4;
        -:  632:    case embargo: 
    #####:  633:      return 2;
        -:  634:    case outpost:
    #####:  635:      return 5;
        -:  636:    case salvager:
    #####:  637:      return 4;
        -:  638:    case sea_hag:
    #####:  639:      return 4;
        -:  640:    case treasure_map:
    #####:  641:      return 4;
        -:  642:    }
        -:  643:	
    #####:  644:  return -1;
        -:  645:}
        -:  646:
        -:  647://*****Added following 5 functions correspond to 5 cards in cardEffect() function
    #####:  648:int card_adventurer(int drawntreasure, struct gameState *state, int currentPlayer, int cardDrawn, int *temphand, int z){
    #####:  649:  while(drawntreasure<2){
    #####:  650:    if (state->deckCount[currentPlayer] <1){//if the deck is empty we need to shuffle discard and add to deck
    #####:  651:      shuffle(currentPlayer, state);
        -:  652:    }
    #####:  653:    drawCard(currentPlayer, state);
    #####:  654:    cardDrawn = state->hand[currentPlayer][state->handCount[currentPlayer]];//top card of hand is most recently drawn card. //1
    #####:  655:    if (cardDrawn == copper || cardDrawn == silver || cardDrawn == gold)
    #####:  656:      drawntreasure++;
        -:  657:    else{
    #####:  658:      temphand[z]=cardDrawn;
    #####:  659:      state->handCount[currentPlayer]--; //this should just remove the top card (the most recently drawn one).
    #####:  660:      z++;
        -:  661:    }
        -:  662:  }
        -:  663:
    #####:  664:  while(z-1>=0){
    #####:  665:    state->discard[currentPlayer][state->discardCount[currentPlayer]++]=temphand[z-1]; // discard all cards in play that have been drawn
        -:  666:    //2
        -:  667:  }
        -:  668:
    #####:  669:  return 0;
        -:  670:}
    #####:  671:int card_council_room(struct gameState *state, int currentPlayer, int handPos){
        -:  672:  int i;
        -:  673:  //+4 Cards
    #####:  674:  for (i = 0; i < 4; i++){
    #####:  675:    drawCard(currentPlayer, state);
        -:  676:  }
        -:  677:    
        -:  678:  //+1 Buy
    #####:  679:  state->numBuys++;
        -:  680:    
        -:  681:  //Each other player draws a card
    #####:  682:  for (i = 0; i < state->numPlayers; i++){
    #####:  683:    if ( i != currentPlayer ){
    #####:  684:       drawCard(i, state);
        -:  685:    }
        -:  686:  } 
        -:  687:  //put played card in played card pile
    #####:  688:  discardCard(handPos, currentPlayer, state, 0);
        -:  689:    
    #####:  690:  return 0;
        -:  691:}
    #####:  692:int card_remodel(struct gameState *state, int currentPlayer, int choice1, int choice2, int handPos){
        -:  693:  int i;
        -:  694:  int j;
        -:  695:
    #####:  696:  j = state->hand[currentPlayer][choice1];  //store card we will trash
        -:  697:
    #####:  698:  if ( (getCost(state->hand[currentPlayer][choice1]) + 2) > getCost(choice2) )
        -:  699:  {
    #####:  700:    return -1;
        -:  701:  }
        -:  702:
    #####:  703:  gainCard(choice2, state, 0, currentPlayer);
        -:  704:
        -:  705:  //discard card from hand
    #####:  706:  discardCard(handPos, currentPlayer, state, 0);
        -:  707:
        -:  708:  //discard trashed card
    #####:  709:  for (i = 0; i < state->handCount[currentPlayer]; i++)
        -:  710:  {
    #####:  711:    if (state->hand[currentPlayer][i] == j)
        -:  712:    {
    #####:  713:      discardCard(i, currentPlayer, state, 0);      
    #####:  714:      break;
        -:  715:    }
        -:  716:  }
    #####:  717:  return 0;
        -:  718:}
    #####:  719:int card_smithy(struct gameState *state, int handPos, int currentPlayer){
        -:  720:  int i;
        -:  721:
        -:  722:  //+3 Cards
    #####:  723:  for (i = 0; i < 3; i++)
        -:  724:  {
    #####:  725:    drawCard(currentPlayer, state);
        -:  726:  }
        -:  727:
        -:  728:  //discard card from hand
    #####:  729:  discardCard(handPos, currentPlayer, state, 0);
    #####:  730:  return 0;
        -:  731:}
    #####:  732:int card_village(struct gameState *state, int handPos, int currentPlayer){
    #####:  733:  drawCard(currentPlayer, state); //+1 Card
        -:  734:  
        -:  735:  //+2 Actions
    #####:  736:  state->numActions = state->numActions + 2;
        -:  737:  
        -:  738:  //discard played card from hand
    #####:  739:  discardCard(handPos, currentPlayer, state, 0);
    #####:  740:  return 0;
        -:  741:}
        -:  742:
    #####:  743:int cardEffect(int card, int choice1, int choice2, int choice3, struct gameState *state, int handPos, int *bonus)
        -:  744:{
        -:  745:  int i;
        -:  746:  int j;
        -:  747:  int k;
        -:  748:  int x;
        -:  749:  int index;
    #####:  750:  int currentPlayer = whoseTurn(state);
    #####:  751:  int nextPlayer = currentPlayer + 1;
        -:  752:
    #####:  753:  int tributeRevealedCards[2] = {-1, -1};
        -:  754:  int temphand[MAX_HAND];// moved above the if statement
    #####:  755:  int drawntreasure=0;
        -:  756:  int cardDrawn;
    #####:  757:  int z = 0;// this is the counter for the temp hand
    #####:  758:  if (nextPlayer > (state->numPlayers - 1)){
    #####:  759:    nextPlayer = 0;
        -:  760:  }
        -:  761:  
        -:  762:  //uses switch to select card and perform actions
    #####:  763:  switch( card ) 
        -:  764:    {
        -:  765:    case adventurer:          
    #####:  766:      card_adventurer(drawntreasure, state, currentPlayer, cardDrawn, temphand, z);     //****************I CHANGED THIS *****************
        -:  767:			
        -:  768:    case council_room:
    #####:  769:      card_council_room(state, currentPlayer, handPos);   //****************I CHANGED THIS *****************
        -:  770:			
        -:  771:    case feast:
        -:  772:      //gain card with cost up to 5
        -:  773:      //Backup hand
    #####:  774:      for (i = 0; i <= state->handCount[currentPlayer]; i++){
    #####:  775:	temphand[i] = state->hand[currentPlayer][i];//Backup card
    #####:  776:	state->hand[currentPlayer][i] = -1;//Set to nothing
        -:  777:      }
        -:  778:      //Backup hand
        -:  779:
        -:  780:      //Update Coins for Buy
    #####:  781:      updateCoins(currentPlayer, state, 5);
    #####:  782:      x = 1;//Condition to loop on
    #####:  783:      while( x == 1) {//Buy one card
    #####:  784:	if (supplyCount(choice1, state) <= 0){
        -:  785:	  if (DEBUG)
        -:  786:	    printf("None of that card left, sorry!\n");
        -:  787:
        -:  788:	  if (DEBUG){
        -:  789:	    printf("Cards Left: %d\n", supplyCount(choice1, state));
        -:  790:	  }
        -:  791:	}
    #####:  792:	else if (state->coins < getCost(choice1)){
    #####:  793:	  printf("That card is too expensive!\n");
        -:  794:
        -:  795:	  if (DEBUG){
        -:  796:	    printf("Coins: %d < %d\n", state->coins, getCost(choice1));
        -:  797:	  }
        -:  798:	}
        -:  799:	else{
        -:  800:
        -:  801:	  if (DEBUG){
        -:  802:	    printf("Deck Count: %d\n", state->handCount[currentPlayer] + state->deckCount[currentPlayer] + state->discardCount[currentPlayer]);
        -:  803:	  }
        -:  804:
    #####:  805:	  gainCard(choice1, state, 0, currentPlayer);//Gain the card
    #####:  806:	  x = 0;//No more buying cards
        -:  807:
        -:  808:	  if (DEBUG){
        -:  809:	    printf("Deck Count: %d\n", state->handCount[currentPlayer] + state->deckCount[currentPlayer] + state->discardCount[currentPlayer]);
        -:  810:	  }
        -:  811:
        -:  812:	}
        -:  813:      }     
        -:  814:
        -:  815:      //Reset Hand
    #####:  816:      for (i = 0; i <= state->handCount[currentPlayer]; i++){
    #####:  817:	state->hand[currentPlayer][i] = temphand[i];
    #####:  818:	temphand[i] = -1;
        -:  819:      }
        -:  820:      //Reset Hand
        -:  821:      			
    #####:  822:      return 0;
        -:  823:			
        -:  824:    case gardens:
    #####:  825:      return -1;
        -:  826:			
        -:  827:    case mine:
    #####:  828:      j = state->hand[currentPlayer][choice1];  //store card we will trash
        -:  829:
    #####:  830:      if (state->hand[currentPlayer][choice1] < copper || state->hand[currentPlayer][choice1] > gold)
        -:  831:	{
    #####:  832:	  return -1;
        -:  833:	}
        -:  834:		
    #####:  835:      if (choice2 > treasure_map || choice2 < curse)
        -:  836:	{
    #####:  837:	  return -1;
        -:  838:	}
        -:  839:
    #####:  840:      if ( (getCost(state->hand[currentPlayer][choice1]) + 3) > getCost(choice2) )
        -:  841:	{
    #####:  842:	  return -1;
        -:  843:	}
        -:  844:
    #####:  845:      gainCard(choice2, state, 2, currentPlayer);
        -:  846:
        -:  847:      //discard card from hand
    #####:  848:      discardCard(handPos, currentPlayer, state, 0);
        -:  849:
        -:  850:      //discard trashed card
    #####:  851:      for (i = 0; i < state->handCount[currentPlayer]; i++)
        -:  852:	{
    #####:  853:	  if (state->hand[currentPlayer][i] == j)
        -:  854:	    {
    #####:  855:	      discardCard(i, currentPlayer, state, 0);			
    #####:  856:	      break;
        -:  857:	    }
        -:  858:	}
        -:  859:			
    #####:  860:      return 0;
        -:  861:			
        -:  862:    case remodel:
    #####:  863:        card_remodel(state, currentPlayer, choice1, choice2, handPos);    //****************I CHANGED THIS *****************
        -:  864:		
        -:  865:    case smithy:
    #####:  866:        card_smithy(state, handPos, currentPlayer);    //****************I CHANGED THIS *****************
        -:  867:      
        -:  868:    case village:
    #####:  869:        card_village(state, currentPlayer, handPos);    //****************I CHANGED THIS *****************
        -:  870:
        -:  871:    case baron:
    #####:  872:      state->numBuys++;//Increase buys by 1!
    #####:  873:      if (choice1 > 0){//Boolean true or going to discard an estate
    #####:  874:	int p = 0;//Iterator for hand!
    #####:  875:	int card_not_discarded = 1;//Flag for discard set!
    #####:  876:	while(card_not_discarded){
    #####:  877:	  if (state->hand[currentPlayer][p] == estate){//Found an estate card!
    #####:  878:	    state->coins += 4;//Add 4 coins to the amount of coins
    #####:  879:	    state->discard[currentPlayer][state->discardCount[currentPlayer]] = state->hand[currentPlayer][p];
    #####:  880:	    state->discardCount[currentPlayer]++;
    #####:  881:	    for (;p < state->handCount[currentPlayer]; p++){
    #####:  882:	      state->hand[currentPlayer][p] = state->hand[currentPlayer][p+1];
        -:  883:	    }
    #####:  884:	    state->hand[currentPlayer][state->handCount[currentPlayer]] = -1;
    #####:  885:	    state->handCount[currentPlayer]--;
    #####:  886:	    card_not_discarded = 0;//Exit the loop
        -:  887:	  }
    #####:  888:	  else if (p > state->handCount[currentPlayer]){
        -:  889:	    if(DEBUG) {
        -:  890:	      printf("No estate cards in your hand, invalid choice\n");
        -:  891:	      printf("Must gain an estate if there are any\n");
        -:  892:	    }
    #####:  893:	    if (supplyCount(estate, state) > 0){
    #####:  894:	      gainCard(estate, state, 0, currentPlayer);
    #####:  895:	      state->supplyCount[estate]--;//Decrement estates
    #####:  896:	      if (supplyCount(estate, state) == 0){
    #####:  897:		isGameOver(state);
        -:  898:	      }
        -:  899:	    }
    #####:  900:	    card_not_discarded = 0;//Exit the loop
        -:  901:	  }
        -:  902:			    
        -:  903:	  else{
    #####:  904:	    p++;//Next card
        -:  905:	  }
        -:  906:	}
        -:  907:      }
        -:  908:			    
        -:  909:      else{
    #####:  910:	if (supplyCount(estate, state) > 0){
    #####:  911:	  gainCard(estate, state, 0, currentPlayer);//Gain an estate
    #####:  912:	  state->supplyCount[estate]--;//Decrement Estates
    #####:  913:	  if (supplyCount(estate, state) == 0){
    #####:  914:	    isGameOver(state);
        -:  915:	  }
        -:  916:	}
        -:  917:      }
        -:  918:	    
        -:  919:      
    #####:  920:      return 0;
        -:  921:		
        -:  922:    case great_hall:
        -:  923:      //+1 Card
    #####:  924:      drawCard(currentPlayer, state);
        -:  925:			
        -:  926:      //+1 Actions
    #####:  927:      state->numActions++;
        -:  928:			
        -:  929:      //discard card from hand
    #####:  930:      discardCard(handPos, currentPlayer, state, 0);
    #####:  931:      return 0;
        -:  932:		
        -:  933:    case minion:
        -:  934:      //+1 action
    #####:  935:      state->numActions++;
        -:  936:			
        -:  937:      //discard card from hand
    #####:  938:      discardCard(handPos, currentPlayer, state, 0);
        -:  939:			
    #####:  940:      if (choice1)		//+2 coins
        -:  941:	{
    #####:  942:	  state->coins = state->coins + 2;
        -:  943:	}
        -:  944:			
    #####:  945:      else if (choice2)		//discard hand, redraw 4, other players with 5+ cards discard hand and draw 4
        -:  946:	{
        -:  947:	  //discard hand
    #####:  948:	  while(numHandCards(state) > 0)
        -:  949:	    {
    #####:  950:	      discardCard(handPos, currentPlayer, state, 0);
        -:  951:	    }
        -:  952:				
        -:  953:	  //draw 4
    #####:  954:	  for (i = 0; i < 4; i++)
        -:  955:	    {
    #####:  956:	      drawCard(currentPlayer, state);
        -:  957:	    }
        -:  958:				
        -:  959:	  //other players discard hand and redraw if hand size > 4
    #####:  960:	  for (i = 0; i < state->numPlayers; i++)
        -:  961:	    {
    #####:  962:	      if (i != currentPlayer)
        -:  963:		{
    #####:  964:		  if ( state->handCount[i] > 4 )
        -:  965:		    {
        -:  966:		      //discard hand
    #####:  967:		      while( state->handCount[i] > 0 )
        -:  968:			{
    #####:  969:			  discardCard(handPos, i, state, 0);
        -:  970:			}
        -:  971:							
        -:  972:		      //draw 4
    #####:  973:		      for (j = 0; j < 4; j++)
        -:  974:			{
    #####:  975:			  drawCard(i, state);
        -:  976:			}
        -:  977:		    }
        -:  978:		}
        -:  979:	    }
        -:  980:				
        -:  981:	}
    #####:  982:      return 0;
        -:  983:		
        -:  984:    case steward:
    #####:  985:      if (choice1 == 1)
        -:  986:	{
        -:  987:	  //+2 cards
    #####:  988:	  drawCard(currentPlayer, state);
    #####:  989:	  drawCard(currentPlayer, state);
        -:  990:	}
    #####:  991:      else if (choice1 == 2)
        -:  992:	{
        -:  993:	  //+2 coins
    #####:  994:	  state->coins = state->coins + 2;
        -:  995:	}
        -:  996:      else
        -:  997:	{
        -:  998:	  //trash 2 cards in hand
    #####:  999:	  discardCard(choice2, currentPlayer, state, 1);
    #####: 1000:	  discardCard(choice3, currentPlayer, state, 1);
        -: 1001:	}
        -: 1002:			
        -: 1003:      //discard card from hand
    #####: 1004:      discardCard(handPos, currentPlayer, state, 0);
    #####: 1005:      return 0;
        -: 1006:		
        -: 1007:    case tribute:
    #####: 1008:      if ((state->discardCount[nextPlayer] + state->deckCount[nextPlayer]) <= 1){
    #####: 1009:	if (state->deckCount[nextPlayer] > 0){
    #####: 1010:	  tributeRevealedCards[0] = state->deck[nextPlayer][state->deckCount[nextPlayer]-1];
    #####: 1011:	  state->deckCount[nextPlayer]--;
        -: 1012:	}
    #####: 1013:	else if (state->discardCount[nextPlayer] > 0){
    #####: 1014:	  tributeRevealedCards[0] = state->discard[nextPlayer][state->discardCount[nextPlayer]-1];
    #####: 1015:	  state->discardCount[nextPlayer]--;
        -: 1016:	}
        -: 1017:	else{
        -: 1018:	  //No Card to Reveal
        -: 1019:	  if (DEBUG){
        -: 1020:	    printf("No cards to reveal\n");
        -: 1021:	  }
        -: 1022:	}
        -: 1023:      }
        -: 1024:	    
        -: 1025:      else{
    #####: 1026:	if (state->deckCount[nextPlayer] == 0){
    #####: 1027:	  for (i = 0; i < state->discardCount[nextPlayer]; i++){
    #####: 1028:	    state->deck[nextPlayer][i] = state->discard[nextPlayer][i];//Move to deck
    #####: 1029:	    state->deckCount[nextPlayer]++;
    #####: 1030:	    state->discard[nextPlayer][i] = -1;
    #####: 1031:	    state->discardCount[nextPlayer]--;
        -: 1032:	  }
        -: 1033:			    
    #####: 1034:	  shuffle(nextPlayer,state);//Shuffle the deck
        -: 1035:	} 
    #####: 1036:	tributeRevealedCards[0] = state->deck[nextPlayer][state->deckCount[nextPlayer]-1];
    #####: 1037:	state->deck[nextPlayer][state->deckCount[nextPlayer]--] = -1;
    #####: 1038:	state->deckCount[nextPlayer]--;
    #####: 1039:	tributeRevealedCards[1] = state->deck[nextPlayer][state->deckCount[nextPlayer]-1];
    #####: 1040:	state->deck[nextPlayer][state->deckCount[nextPlayer]--] = -1;
    #####: 1041:	state->deckCount[nextPlayer]--;
        -: 1042:      }    
        -: 1043:		       
    #####: 1044:      if (tributeRevealedCards[0] == tributeRevealedCards[1]){//If we have a duplicate card, just drop one 
    #####: 1045:	state->playedCards[state->playedCardCount] = tributeRevealedCards[1];
    #####: 1046:	state->playedCardCount++;
    #####: 1047:	tributeRevealedCards[1] = -1;
        -: 1048:      }
        -: 1049:
    #####: 1050:      for (i = 0; i <= 2; i ++){
    #####: 1051:	if (tributeRevealedCards[i] == copper || tributeRevealedCards[i] == silver || tributeRevealedCards[i] == gold){//Treasure cards
    #####: 1052:	  state->coins += 2;
        -: 1053:	}
        -: 1054:		    
    #####: 1055:	else if (tributeRevealedCards[i] == estate || tributeRevealedCards[i] == duchy || tributeRevealedCards[i] == province || tributeRevealedCards[i] == gardens || tributeRevealedCards[i] == great_hall){//Victory Card Found
    #####: 1056:	  drawCard(currentPlayer, state);
    #####: 1057:	  drawCard(currentPlayer, state);
        -: 1058:	}
        -: 1059:	else{//Action Card
    #####: 1060:	  state->numActions = state->numActions + 2;
        -: 1061:	}
        -: 1062:      }
        -: 1063:	    
    #####: 1064:      return 0;
        -: 1065:		
        -: 1066:    case ambassador:
    #####: 1067:      j = 0;		//used to check if player has enough cards to discard
        -: 1068:
    #####: 1069:      if (choice2 > 2 || choice2 < 0)
        -: 1070:	{
    #####: 1071:	  return -1;				
        -: 1072:	}
        -: 1073:
    #####: 1074:      if (choice1 == handPos)
        -: 1075:	{
    #####: 1076:	  return -1;
        -: 1077:	}
        -: 1078:
    #####: 1079:      for (i = 0; i < state->handCount[currentPlayer]; i++)
        -: 1080:	{
    #####: 1081:	  if (i != handPos && i == state->hand[currentPlayer][choice1] && i != choice1)
        -: 1082:	    {
    #####: 1083:	      j++;
        -: 1084:	    }
        -: 1085:	}
    #####: 1086:      if (j < choice2)
        -: 1087:	{
    #####: 1088:	  return -1;				
        -: 1089:	}
        -: 1090:
        -: 1091:      if (DEBUG) 
        -: 1092:	printf("Player %d reveals card number: %d\n", currentPlayer, state->hand[currentPlayer][choice1]);
        -: 1093:
        -: 1094:      //increase supply count for choosen card by amount being discarded
    #####: 1095:      state->supplyCount[state->hand[currentPlayer][choice1]] += choice2;
        -: 1096:			
        -: 1097:      //each other player gains a copy of revealed card
    #####: 1098:      for (i = 0; i < state->numPlayers; i++)
        -: 1099:	{
    #####: 1100:	  if (i != currentPlayer)
        -: 1101:	    {
    #####: 1102:	      gainCard(state->hand[currentPlayer][choice1], state, 0, i);
        -: 1103:	    }
        -: 1104:	}
        -: 1105:
        -: 1106:      //discard played card from hand
    #####: 1107:      discardCard(handPos, currentPlayer, state, 0);			
        -: 1108:
        -: 1109:      //trash copies of cards returned to supply
    #####: 1110:      for (j = 0; j < choice2; j++)
        -: 1111:	{
    #####: 1112:	  for (i = 0; i < state->handCount[currentPlayer]; i++)
        -: 1113:	    {
    #####: 1114:	      if (state->hand[currentPlayer][i] == state->hand[currentPlayer][choice1])
        -: 1115:		{
    #####: 1116:		  discardCard(i, currentPlayer, state, 1);
    #####: 1117:		  break;
        -: 1118:		}
        -: 1119:	    }
        -: 1120:	}			
        -: 1121:
    #####: 1122:      return 0;
        -: 1123:		
        -: 1124:    case cutpurse:
        -: 1125:
    #####: 1126:      updateCoins(currentPlayer, state, 2);
    #####: 1127:      for (i = 0; i < state->numPlayers; i++)
        -: 1128:	{
    #####: 1129:	  if (i != currentPlayer)
        -: 1130:	    {
    #####: 1131:	      for (j = 0; j < state->handCount[i]; j++)
        -: 1132:		{
    #####: 1133:		  if (state->hand[i][j] == copper)
        -: 1134:		    {
    #####: 1135:		      discardCard(j, i, state, 0);
    #####: 1136:		      break;
        -: 1137:		    }
    #####: 1138:		  if (j == state->handCount[i])
        -: 1139:		    {
    #####: 1140:		      for (k = 0; k < state->handCount[i]; k++)
        -: 1141:			{
        -: 1142:			  if (DEBUG)
        -: 1143:			    printf("Player %d reveals card number %d\n", i, state->hand[i][k]);
        -: 1144:			}	
    #####: 1145:		      break;
        -: 1146:		    }		
        -: 1147:		}
        -: 1148:					
        -: 1149:	    }
        -: 1150:				
        -: 1151:	}				
        -: 1152:
        -: 1153:      //discard played card from hand
    #####: 1154:      discardCard(handPos, currentPlayer, state, 0);			
        -: 1155:
    #####: 1156:      return 0;
        -: 1157:
        -: 1158:		
        -: 1159:    case embargo: 
        -: 1160:      //+2 Coins
    #####: 1161:      state->coins = state->coins + 2;
        -: 1162:			
        -: 1163:      //see if selected pile is in play
    #####: 1164:      if ( state->supplyCount[choice1] == -1 )
        -: 1165:	{
    #####: 1166:	  return -1;
        -: 1167:	}
        -: 1168:			
        -: 1169:      //add embargo token to selected supply pile
    #####: 1170:      state->embargoTokens[choice1]++;
        -: 1171:			
        -: 1172:      //trash card
    #####: 1173:      discardCard(handPos, currentPlayer, state, 1);		
    #####: 1174:      return 0;
        -: 1175:		
        -: 1176:    case outpost:
        -: 1177:      //set outpost flag
    #####: 1178:      state->outpostPlayed++;
        -: 1179:			
        -: 1180:      //discard card
    #####: 1181:      discardCard(handPos, currentPlayer, state, 0);
    #####: 1182:      return 0;
        -: 1183:		
        -: 1184:    case salvager:
        -: 1185:      //+1 buy
    #####: 1186:      state->numBuys++;
        -: 1187:			
    #####: 1188:      if (choice1)
        -: 1189:	{
        -: 1190:	  //gain coins equal to trashed card
    #####: 1191:	  state->coins = state->coins + getCost( handCard(choice1, state) );
        -: 1192:	  //trash card
    #####: 1193:	  discardCard(choice1, currentPlayer, state, 1);	
        -: 1194:	}
        -: 1195:			
        -: 1196:      //discard card
    #####: 1197:      discardCard(handPos, currentPlayer, state, 0);
    #####: 1198:      return 0;
        -: 1199:		
        -: 1200:    case sea_hag:
    #####: 1201:      for (i = 0; i < state->numPlayers; i++){
    #####: 1202:	if (i != currentPlayer){
    #####: 1203:	  state->discard[i][state->discardCount[i]] = state->deck[i][state->deckCount[i]--];			    state->deckCount[i]--;
    #####: 1204:	  state->discardCount[i]++;
    #####: 1205:	  state->deck[i][state->deckCount[i]--] = curse;//Top card now a curse
        -: 1206:	}
        -: 1207:      }
    #####: 1208:      return 0;
        -: 1209:		
        -: 1210:    case treasure_map:
        -: 1211:      //search hand for another treasure_map
    #####: 1212:      index = -1;
    #####: 1213:      for (i = 0; i < state->handCount[currentPlayer]; i++)
        -: 1214:	{
    #####: 1215:	  if (state->hand[currentPlayer][i] == treasure_map && i != handPos)
        -: 1216:	    {
    #####: 1217:	      index = i;
    #####: 1218:	      break;
        -: 1219:	    }
        -: 1220:	}
    #####: 1221:      if (index > -1)
        -: 1222:	{
        -: 1223:	  //trash both treasure cards
    #####: 1224:	  discardCard(handPos, currentPlayer, state, 1);
    #####: 1225:	  discardCard(index, currentPlayer, state, 1);
        -: 1226:
        -: 1227:	  //gain 4 Gold cards
    #####: 1228:	  for (i = 0; i < 4; i++)
        -: 1229:	    {
    #####: 1230:	      gainCard(gold, state, 1, currentPlayer);
        -: 1231:	    }
        -: 1232:				
        -: 1233:	  //return success
    #####: 1234:	  return 1;
        -: 1235:	}
        -: 1236:			
        -: 1237:      //no second treasure_map found in hand
    #####: 1238:      return -1;
        -: 1239:    }
        -: 1240:	
    #####: 1241:  return -1;
        -: 1242:}
        -: 1243:
    #####: 1244:int discardCard(int handPos, int currentPlayer, struct gameState *state, int trashFlag)
        -: 1245:{
        -: 1246:	
        -: 1247:  //if card is not trashed, added to Played pile 
    #####: 1248:  if (trashFlag < 1)
        -: 1249:    {
        -: 1250:      //add card to played pile
    #####: 1251:      state->playedCards[state->playedCardCount] = state->hand[currentPlayer][handPos]; 
    #####: 1252:      state->playedCardCount++;
        -: 1253:    }
        -: 1254:	
        -: 1255:  //set played card to -1
    #####: 1256:  state->hand[currentPlayer][handPos] = -1;
        -: 1257:	
        -: 1258:  //remove card from player's hand
    #####: 1259:  if ( handPos == (state->handCount[currentPlayer] - 1) ) 	//last card in hand array is played
        -: 1260:    {
        -: 1261:      //reduce number of cards in hand
    #####: 1262:      state->handCount[currentPlayer]--;
        -: 1263:    }
    #####: 1264:  else if ( state->handCount[currentPlayer] == 1 ) //only one card in hand
        -: 1265:    {
        -: 1266:      //reduce number of cards in hand
    #####: 1267:      state->handCount[currentPlayer]--;
        -: 1268:    }
        -: 1269:  else 	
        -: 1270:    {
        -: 1271:      //replace discarded card with last card in hand
    #####: 1272:      state->hand[currentPlayer][handPos] = state->hand[currentPlayer][ (state->handCount[currentPlayer] - 1)];
        -: 1273:      //set last card to -1
    #####: 1274:      state->hand[currentPlayer][state->handCount[currentPlayer] - 1] = -1;
        -: 1275:      //reduce number of cards in hand
    #####: 1276:      state->handCount[currentPlayer]--;
        -: 1277:    }
        -: 1278:	
    #####: 1279:  return 0;
        -: 1280:}
        -: 1281:
    #####: 1282:int gainCard(int supplyPos, struct gameState *state, int toFlag, int player)
        -: 1283:{
        -: 1284:  //Note: supplyPos is enum of choosen card
        -: 1285:	
        -: 1286:  //check if supply pile is empty (0) or card is not used in game (-1)
    #####: 1287:  if ( supplyCount(supplyPos, state) < 1 )
        -: 1288:    {
    #####: 1289:      return -1;
        -: 1290:    }
        -: 1291:	
        -: 1292:  //added card for [whoseTurn] current player:
        -: 1293:  // toFlag = 0 : add to discard
        -: 1294:  // toFlag = 1 : add to deck
        -: 1295:  // toFlag = 2 : add to hand
        -: 1296:
    #####: 1297:  if (toFlag == 1)
        -: 1298:    {
    #####: 1299:      state->deck[ player ][ state->deckCount[player] ] = supplyPos;
    #####: 1300:      state->deckCount[player]++;
        -: 1301:    }
    #####: 1302:  else if (toFlag == 2)
        -: 1303:    {
    #####: 1304:      state->hand[ player ][ state->handCount[player] ] = supplyPos;
    #####: 1305:      state->handCount[player]++;
        -: 1306:    }
        -: 1307:  else
        -: 1308:    {
    #####: 1309:      state->discard[player][ state->discardCount[player] ] = supplyPos;
    #####: 1310:      state->discardCount[player]++;
        -: 1311:    }
        -: 1312:	
        -: 1313:  //decrease number in supply pile
    #####: 1314:  state->supplyCount[supplyPos]--;
        -: 1315:	 
    #####: 1316:  return 0;
        -: 1317:}
        -: 1318:
        1: 1319:int updateCoins(int player, struct gameState *state, int bonus)
        -: 1320:{
        -: 1321:  int i;
        -: 1322:	
        -: 1323:  //reset coin count
        1: 1324:  state->coins = 0;
        -: 1325:
        -: 1326:  //add coins for each Treasure card in player's hand
        6: 1327:  for (i = 0; i < state->handCount[player]; i++)
        -: 1328:    {
        5: 1329:      if (state->hand[player][i] == copper)
        -: 1330:	{
        4: 1331:	  state->coins += 1;
        -: 1332:	}
        1: 1333:      else if (state->hand[player][i] == silver)
        -: 1334:	{
    #####: 1335:	  state->coins += 2;
        -: 1336:	}
        1: 1337:      else if (state->hand[player][i] == gold)
        -: 1338:	{
    #####: 1339:	  state->coins += 3;
        -: 1340:	}	
        -: 1341:    }	
        -: 1342:
        -: 1343:  //add bonus
        1: 1344:  state->coins += bonus;
        -: 1345:
        1: 1346:  return 0;
        -: 1347:}
        -: 1348:
        -: 1349:
        -: 1350://end of dominion.c
        -: 1351:
