        -:    0:Source:unittest3.c
        -:    0:Graph:unittest3.gcno
        -:    0:Data:unittest3.gcda
        -:    0:Runs:1
        -:    0:Programs:1
        -:    1:#include "../dominion.c"
        -:    2:#include "../rngs.c"
        -:    3:#include "../myassert.h"
        -:    4:
        -:    5:/*************************************
        -:    6:Test for "drawCard()" function
        -:    7:*************************************/
        -:    8:
        1:    9:int main(){
        -:   10:
        -:   11://	Test Initialization
        -:   12:	int i, temp1,temp2;
        1:   13:	srand (time(NULL));
        -:   14:	struct gameState game;
        1:   15:	int cards[10] = {estate, duchy, adventurer, embargo, sea_hag, feast, gardens, mine, tribute, outpost}; 
        1:   16:	int playerNum = 4;
        1:   17:	int theplayer = 2;
        -:   18:
        -:   19:// Random settings
        1:   20:	int ramdomSeed = rand() % 99999 + 1;	
        1:   21:	int bonus = rand() % 10;
        1:   22:	int handNum = rand() % MAX_HAND;
        -:   23:	//initializeGame(playerNum, cards, ramdomSeed, &game);
        -:   24:
        1:   25:	check_functions(initializeGame(playerNum, cards, ramdomSeed, &game));
        1:   26:	check_functions(drawCard(theplayer, &game));
        -:   27:
        -:   28:	// true when temp1 = temp2 + 1
        1:   29:	temp1 = game.deckCount[theplayer];
        6:   30:	for(i = 0; i < 5; i++){
        5:   31:		drawCard(theplayer, &game);
        -:   32:	}
        1:   33:	temp2 = game.deckCount[theplayer];
        1:   34:	check_equal(temp1,temp2+5);
        -:   35:
        -:   36:
        -:   37:	// true when temp1 = temp2 - 1
        1:   38:	temp1 = game.handCount[theplayer];
        4:   39:	for(i = 0; i < 3; i++){
        3:   40:		drawCard(theplayer, &game);
        -:   41:	}
        1:   42:	temp2 = game.handCount[theplayer];
        1:   43:	check_equal(temp1,temp2-3);
        -:   44:
        -:   45:
        1:   46:	printf("TEST SUCCESSFULLY COMPLETED\n");
        1:   47:	return 0;
        -:   48:}
